<?xml version="1.0" encoding="UTF-8"?>
<!-- Generated by org.testng.reporters.JUnitReportReporter -->
<testsuite hostname="DESKTOP-H8KOGM6" failures="0" tests="1" name="streams.demo1" time="0.019" errors="0" timestamp="2 Jun 2021 20:39:30 GMT">
  <testcase classname="streams.demo1" name="streamCollect" time="0.019"/>
</testsuite> <!-- streams.demo1 -->
