<?xml version="1.0" encoding="UTF-8"?>
<!-- Generated by org.testng.reporters.JUnitReportReporter -->
<testsuite hostname="DESKTOP-H8KOGM6" failures="0" tests="1" name="udemy.Loans1" time="0.004" errors="0" timestamp="2021-05-23T18:11:59 IST" skipped="0">
  <testcase classname="udemy.Loans1" name="APIlogoff" time="0.004"/>
  <system-out/>
</testsuite> <!-- udemy.Loans1 -->
