<?xml version="1.0" encoding="UTF-8"?>
<!-- Generated by org.testng.reporters.JUnitReportReporter -->
<testsuite hostname="DESKTOP-H8KOGM6" failures="0" tests="4" name="udemy.test2" time="0.012" errors="0" timestamp="2021-05-23T23:33:55 IST" skipped="0">
  <testcase classname="udemy.test2" name="usingData" time="0.004"/>
  <system-out/>
  <testcase classname="udemy.test2" name="testing" time="0.003"/>
  <system-out/>
  <testcase classname="udemy.test2" name="usingData" time="0.002"/>
  <system-out/>
  <testcase classname="udemy.test2" name="usingData" time="0.003"/>
  <system-out/>
</testsuite> <!-- udemy.test2 -->
