<?xml version="1.0" encoding="UTF-8"?>
<!-- Generated by org.testng.reporters.JUnitReportReporter -->
<testsuite hostname="DESKTOP-H8KOGM6" failures="0" tests="2" name="udemy.test1" time="0.011" errors="0" timestamp="2021-05-23T23:33:55 IST" skipped="0">
  <testcase classname="udemy.test1" name="demo" time="0.009"/>
  <system-out/>
  <testcase classname="udemy.test1" name="now" time="0.002"/>
  <system-out/>
</testsuite> <!-- udemy.test1 -->
